# JRE version: Java(TM) SE Runtime Environment 18.9 (11.0.12+8) (build 11.0.12+8-LTS-237)
# Java VM: Java HotSpot(TM) 64-Bit Server VM 18.9 (11.0.12+8-LTS-237, mixed mode, tiered, compressed oops, g1 gc, windows-amd64)
Heap:
 garbage-first heap   total 95232K, used 14932K [0x00000000c1a00000, 0x0000000100000000)
  region size 1024K, 3 young (3072K), 3 survivors (3072K)
 Metaspace       used 34632K, capacity 35818K, committed 35840K, reserved 1081344K
  class space    used 4377K, capacity 4842K, committed 4864K, reserved 1048576K
GC Heap History (10 events):
Event: 2.433 GC heap after
{Heap after GC invocations=6 (full 0):
 garbage-first heap   total 65536K, used 9677K [0x00000000c1a00000, 0x0000000100000000)
  region size 1024K, 3 young (3072K), 3 survivors (3072K)
 Metaspace       used 20412K, capacity 21113K, committed 21248K, reserved 1067008K
  class space    used 2413K, capacity 2715K, committed 2816K, reserved 1048576K
}
Event: 2.809 GC heap before
{Heap before GC invocations=7 (full 0):
 garbage-first heap   total 65536K, used 44493K [0x00000000c1a00000, 0x0000000100000000)
  region size 1024K, 38 young (38912K), 3 survivors (3072K)
 Metaspace       used 26283K, capacity 27112K, committed 27392K, reserved 1073152K
  class space    used 3164K, capacity 3507K, committed 3584K, reserved 1048576K
}
Event: 2.816 GC heap after
{Heap after GC invocations=8 (full 0):
 garbage-first heap   total 78848K, used 10512K [0x00000000c1a00000, 0x0000000100000000)
  region size 1024K, 4 young (4096K), 4 survivors (4096K)
 Metaspace       used 26283K, capacity 27112K, committed 27392K, reserved 1073152K
  class space    used 3164K, capacity 3507K, committed 3584K, reserved 1048576K
}
Event: 2.899 GC heap before
{Heap before GC invocations=8 (full 0):
 garbage-first heap   total 78848K, used 49424K [0x00000000c1a00000, 0x0000000100000000)
  region size 1024K, 43 young (44032K), 4 survivors (4096K)
 Metaspace       used 26733K, capacity 27626K, committed 27776K, reserved 1073152K
  class space    used 3236K, capacity 3593K, committed 3712K, reserved 1048576K
}
Event: 2.904 GC heap after
{Heap after GC invocations=9 (full 0):
 garbage-first heap   total 78848K, used 11016K [0x00000000c1a00000, 0x0000000100000000)
  region size 1024K, 4 young (4096K), 4 survivors (4096K)
 Metaspace       used 26733K, capacity 27626K, committed 27776K, reserved 1073152K
  class space    used 3236K, capacity 3593K, committed 3712K, reserved 1048576K
}
Event: 3.426 GC heap before
{Heap before GC invocations=9 (full 0):
 garbage-first heap   total 78848K, used 53000K [0x00000000c1a00000, 0x0000000100000000)
  region size 1024K, 46 young (47104K), 4 survivors (4096K)
 Metaspace       used 28951K, capacity 29982K, committed 30080K, reserved 1075200K
  class space    used 3533K, capacity 3930K, committed 3968K, reserved 1048576K
}
Event: 3.433 GC heap after
{Heap after GC invocations=10 (full 0):
 garbage-first heap   total 78848K, used 12144K [0x00000000c1a00000, 0x0000000100000000)
  region size 1024K, 4 young (4096K), 4 survivors (4096K)
 Metaspace       used 28951K, capacity 29982K, committed 30080K, reserved 1075200K
  class space    used 3533K, capacity 3930K, committed 3968K, reserved 1048576K
}
Event: 4.166 GC heap before
{Heap before GC invocations=10 (full 0):
 garbage-first heap   total 78848K, used 55152K [0x00000000c1a00000, 0x0000000100000000)
  region size 1024K, 46 young (47104K), 4 survivors (4096K)
 Metaspace       used 34363K, capacity 35482K, committed 35584K, reserved 1079296K
  class space    used 4329K, capacity 4771K, committed 4864K, reserved 1048576K
}
Event: 4.176 GC heap after
{Heap after GC invocations=11 (full 0):
 garbage-first heap   total 78848K, used 14497K [0x00000000c1a00000, 0x0000000100000000)
  region size 1024K, 6 young (6144K), 6 survivors (6144K)
 Metaspace       used 34363K, capacity 35482K, committed 35584K, reserved 1079296K
  class space    used 4329K, capacity 4771K, committed 4864K, reserved 1048576K
}
Event: 4.221 GC heap before
{Heap before GC invocations=11 (full 0):
 garbage-first heap   total 78848K, used 16545K [0x00000000c1a00000, 0x0000000100000000)
  region size 1024K, 9 young (9216K), 6 survivors (6144K)
 Metaspace       used 34632K, capacity 35818K, committed 35840K, reserved 1081344K
  class space    used 4377K, capacity 4842K, committed 4864K, reserved 1048576K
}

